# JRE version: Java(TM) SE Runtime Environment (8.0_151-b12) (build 1.8.0_151-b12)
# Java VM: Java HotSpot(TM) Client VM (25.151-b12 mixed mode linux-arm )
Heap:
 def new generation   total 4864K, used 2722K [0x65800000, 0x65d40000, 0x6a540000)
  eden space 4352K,  58% used [0x65800000, 0x65a7ffd8, 0x65c40000)
  from space 512K,  31% used [0x65cc0000, 0x65ce8a28, 0x65d40000)
  to   space 512K,   0% used [0x65c40000, 0x65c40000, 0x65cc0000)
 tenured generation   total 11008K, used 3408K [0x6a540000, 0x6b000000, 0x74000000)
   the space 11008K,  30% used [0x6a540000, 0x6a894390, 0x6a894400, 0x6b000000)
 Metaspace       used 9665K, capacity 9869K, committed 10008K, reserved 10544K
GC Heap History (10 events):
Event: 9.568 GC heap before
{Heap before GC invocations=0 (full 0):
 def new generation   total 4864K, used 4352K [0x65800000, 0x65d40000, 0x6a540000)
  eden space 4352K, 100% used [0x65800000, 0x65c40000, 0x65c40000)
  from space 512K,   0% used [0x65c40000, 0x65c40000, 0x65cc0000)
  to   space 512K,   0% used [0x65cc0000, 0x65cc0000, 0x65d40000)
 tenured generation   total 11008K, used 0K [0x6a540000, 0x6b000000, 0x74000000)
   the space 11008K,   0% used [0x6a540000, 0x6a540000, 0x6a540200, 0x6b000000)
 Metaspace       used 6447K, capacity 6649K, committed 6680K, reserved 7472K
Event: 9.618 GC heap after
Heap after GC invocations=1 (full 0):
 def new generation   total 4864K, used 512K [0x65800000, 0x65d40000, 0x6a540000)
  eden space 4352K,   0% used [0x65800000, 0x65800000, 0x65c40000)
  from space 512K, 100% used [0x65cc0000, 0x65d40000, 0x65d40000)
  to   space 512K,   0% used [0x65c40000, 0x65c40000, 0x65cc0000)
 tenured generation   total 11008K, used 936K [0x6a540000, 0x6b000000, 0x74000000)
   the space 11008K,   8% used [0x6a540000, 0x6a62a120, 0x6a62a200, 0x6b000000)
 Metaspace       used 6447K, capacity 6649K, committed 6680K, reserved 7472K
}
Event: 40.686 GC heap before
{Heap before GC invocations=1 (full 0):
 def new generation   total 4864K, used 4864K [0x65800000, 0x65d40000, 0x6a540000)
  eden space 4352K, 100% used [0x65800000, 0x65c40000, 0x65c40000)
  from space 512K, 100% used [0x65cc0000, 0x65d40000, 0x65d40000)
  to   space 512K,   0% used [0x65c40000, 0x65c40000, 0x65cc0000)
 tenured generation   total 11008K, used 936K [0x6a540000, 0x6b000000, 0x74000000)
   the space 11008K,   8% used [0x6a540000, 0x6a62a120, 0x6a62a200, 0x6b000000)
 Metaspace       used 8653K, capacity 8867K, committed 8984K, reserved 9520K
Event: 40.737 GC heap after
Heap after GC invocations=2 (full 0):
 def new generation   total 4864K, used 512K [0x65800000, 0x65d40000, 0x6a540000)
  eden space 4352K,   0% used [0x65800000, 0x65800000, 0x65c40000)
  from space 512K, 100% used [0x65c40000, 0x65cc0000, 0x65cc0000)
  to   space 512K,   0% used [0x65cc0000, 0x65cc0000, 0x65d40000)
 tenured generation   total 11008K, used 1927K [0x6a540000, 0x6b000000, 0x74000000)
   the space 11008K,  17% used [0x6a540000, 0x6a721da0, 0x6a721e00, 0x6b000000)
 Metaspace       used 8653K, capacity 8867K, committed 8984K, reserved 9520K
}
Event: 50.906 GC heap before
{Heap before GC invocations=2 (full 0):
 def new generation   total 4864K, used 4864K [0x65800000, 0x65d40000, 0x6a540000)
  eden space 4352K, 100% used [0x65800000, 0x65c40000, 0x65c40000)
  from space 512K, 100% used [0x65c40000, 0x65cc0000, 0x65cc0000)
  to   space 512K,   0% used [0x65cc0000, 0x65cc0000, 0x65d40000)
 tenured generation   total 11008K, used 1927K [0x6a540000, 0x6b000000, 0x74000000)
   the space 11008K,  17% used [0x6a540000, 0x6a721da0, 0x6a721e00, 0x6b000000)
 Metaspace       used 9032K, capacity 9224K, committed 9368K, reserved 9520K
Event: 50.949 GC heap after
Heap after GC invocations=3 (full 0):
 def new generation   total 4864K, used 512K [0x65800000, 0x65d40000, 0x6a540000)
  eden space 4352K,   0% used [0x65800000, 0x65800000, 0x65c40000)
  from space 512K, 100% used [0x65cc0000, 0x65d40000, 0x65d40000)
  to   space 512K,   0% used [0x65c40000, 0x65c40000, 0x65cc0000)
 tenured generation   total 11008K, used 2828K [0x6a540000, 0x6b000000, 0x74000000)
   the space 11008K,  25% used [0x6a540000, 0x6a8032e0, 0x6a803400, 0x6b000000)
 Metaspace       used 9032K, capacity 9224K, committed 9368K, reserved 9520K
}
Event: 53.694 GC heap before
{Heap before GC invocations=3 (full 0):
 def new generation   total 4864K, used 4864K [0x65800000, 0x65d40000, 0x6a540000)
  eden space 4352K, 100% used [0x65800000, 0x65c40000, 0x65c40000)
  from space 512K, 100% used [0x65cc0000, 0x65d40000, 0x65d40000)
  to   space 512K,   0% used [0x65c40000, 0x65c40000, 0x65cc0000)
 tenured generation   total 11008K, used 2828K [0x6a540000, 0x6b000000, 0x74000000)
   the space 11008K,  25% used [0x6a540000, 0x6a8032e0, 0x6a803400, 0x6b000000)
 Metaspace       used 9627K, capacity 9805K, committed 9880K, reserved 10544K
Event: 53.717 GC heap after
Heap after GC invocations=4 (full 0):
 def new generation   total 4864K, used 506K [0x65800000, 0x65d40000, 0x6a540000)
  eden space 4352K,   0% used [0x65800000, 0x65800000, 0x65c40000)
  from space 512K,  99% used [0x65c40000, 0x65cbeba0, 0x65cc0000)
  to   space 512K,   0% used [0x65cc0000, 0x65cc0000, 0x65d40000)
 tenured generation   total 11008K, used 3197K [0x6a540000, 0x6b000000, 0x74000000)
   the space 11008K,  29% used [0x6a540000, 0x6a85f700, 0x6a85f800, 0x6b000000)
 Metaspace       used 9627K, capacity 9805K, committed 9880K, reserved 10544K
}
Event: 54.200 GC heap before
{Heap before GC invocations=4 (full 0):
 def new generation   total 4864K, used 4845K [0x65800000, 0x65d40000, 0x6a540000)
  eden space 4352K,  99% used [0x65800000, 0x65c3cb88, 0x65c40000)
  from space 512K,  99% used [0x65c40000, 0x65cbeba0, 0x65cc0000)
  to   space 512K,   0% used [0x65cc0000, 0x65cc0000, 0x65d40000)
 tenured generation   total 11008K, used 3197K [0x6a540000, 0x6b000000, 0x74000000)
   the space 11008K,  29% used [0x6a540000, 0x6a85f700, 0x6a85f800, 0x6b000000)
 Metaspace       used 9629K, capacity 9805K, committed 9880K, reserved 10544K
Event: 54.211 GC heap after
Heap after GC invocations=5 (full 0):
 def new generation   total 4864K, used 162K [0x65800000, 0x65d40000, 0x6a540000)
  eden space 4352K,   0% used [0x65800000, 0x65800000, 0x65c40000)
  from space 512K,  31% used [0x65cc0000, 0x65ce8a28, 0x65d40000)
  to   space 512K,   0% used [0x65c40000, 0x65c40000, 0x65cc0000)
 tenured generation   total 11008K, used 3408K [0x6a540000, 0x6b000000, 0x74000000)
   the space 11008K,  30% used [0x6a540000, 0x6a894390, 0x6a894400, 0x6b000000)
 Metaspace       used 9629K, capacity 9805K, committed 9880K, reserved 10544K
}

