# JRE version: Java(TM) SE Runtime Environment (8.0_65-b17) (build 1.8.0_65-b17)
# Java VM: Java HotSpot(TM) Client VM (25.65-b01 mixed mode linux-arm )
Heap:
 def new generation   total 159616K, used 0K [0x34000000, 0x3ed20000, 0x49540000)
  eden space 141952K,   0% used [0x34000000, 0x34000000, 0x3caa0000)
  from space 17664K,   0% used [0x3caa0000, 0x3caa0000, 0x3dbe0000)
  to   space 17664K,   0% used [0x3dbe0000, 0x3dbe0000, 0x3ed20000)
 tenured generation   total 357596K, used 264720K [0x49540000, 0x5f277000, 0x74000000)
   the space 357596K,  74% used [0x49540000, 0x597c4080, 0x597c4200, 0x5f277000)
 Metaspace       used 9635K, capacity 9840K, committed 10008K, reserved 10544K
GC Heap History (10 events):
Event: 4168.450 GC heap after
Heap after GC invocations=18911 (full 23):
 def new generation   total 159616K, used 956K [0x34000000, 0x3ed20000, 0x49540000)
  eden space 141952K,   0% used [0x34000000, 0x34000000, 0x3caa0000)
  from space 17664K,   5% used [0x3dbe0000, 0x3dccf320, 0x3ed20000)
  to   space 17664K,   0% used [0x3caa0000, 0x3caa0000, 0x3dbe0000)
 tenured generation   total 354340K, used 347161K [0x49540000, 0x5ef49000, 0x74000000)
   the space 354340K,  97% used [0x49540000, 0x5e846560, 0x5e846600, 0x5ef49000)
 Metaspace       used 9635K, capacity 9840K, committed 10008K, reserved 10544K
}
Event: 4168.796 GC heap before
{Heap before GC invocations=18911 (full 23):
 def new generation   total 159616K, used 142661K [0x34000000, 0x3ed20000, 0x49540000)
  eden space 141952K,  99% used [0x34000000, 0x3ca62188, 0x3caa0000)
  from space 17664K,   5% used [0x3dbe0000, 0x3dccf320, 0x3ed20000)
  to   space 17664K,   0% used [0x3caa0000, 0x3caa0000, 0x3dbe0000)
 tenured generation   total 354340K, used 347161K [0x49540000, 0x5ef49000, 0x74000000)
   the space 354340K,  97% used [0x49540000, 0x5e846560, 0x5e846600, 0x5ef49000)
 Metaspace       used 9635K, capacity 9840K, committed 10008K, reserved 10544K
Event: 4168.801 GC heap after
Heap after GC invocations=18912 (full 23):
 def new generation   total 159616K, used 956K [0x34000000, 0x3ed20000, 0x49540000)
  eden space 141952K,   0% used [0x34000000, 0x34000000, 0x3caa0000)
  from space 17664K,   5% used [0x3caa0000, 0x3cb8f320, 0x3dbe0000)
  to   space 17664K,   0% used [0x3dbe0000, 0x3dbe0000, 0x3ed20000)
 tenured generation   total 354340K, used 347161K [0x49540000, 0x5ef49000, 0x74000000)
   the space 354340K,  97% used [0x49540000, 0x5e846560, 0x5e846600, 0x5ef49000)
 Metaspace       used 9635K, capacity 9840K, committed 10008K, reserved 10544K
}
Event: 4169.202 GC heap before
{Heap before GC invocations=18912 (full 23):
 def new generation   total 159616K, used 142647K [0x34000000, 0x3ed20000, 0x49540000)
  eden space 141952K,  99% used [0x34000000, 0x3ca5e970, 0x3caa0000)
  from space 17664K,   5% used [0x3caa0000, 0x3cb8f320, 0x3dbe0000)
  to   space 17664K,   0% used [0x3dbe0000, 0x3dbe0000, 0x3ed20000)
 tenured generation   total 354340K, used 347161K [0x49540000, 0x5ef49000, 0x74000000)
   the space 354340K,  97% used [0x49540000, 0x5e846560, 0x5e846600, 0x5ef49000)
 Metaspace       used 9635K, capacity 9840K, committed 10008K, reserved 10544K
Event: 4169.208 GC heap after
Heap after GC invocations=18913 (full 23):
 def new generation   total 159616K, used 956K [0x34000000, 0x3ed20000, 0x49540000)
  eden space 141952K,   0% used [0x34000000, 0x34000000, 0x3caa0000)
  from space 17664K,   5% used [0x3dbe0000, 0x3dccf320, 0x3ed20000)
  to   space 17664K,   0% used [0x3caa0000, 0x3caa0000, 0x3dbe0000)
 tenured generation   total 354340K, used 347161K [0x49540000, 0x5ef49000, 0x74000000)
   the space 354340K,  97% used [0x49540000, 0x5e846560, 0x5e846600, 0x5ef49000)
 Metaspace       used 9635K, capacity 9840K, committed 10008K, reserved 10544K
}
Event: 4169.595 GC heap before
{Heap before GC invocations=18913 (full 23):
 def new generation   total 159616K, used 142482K [0x34000000, 0x3ed20000, 0x49540000)
  eden space 141952K,  99% used [0x34000000, 0x3ca35698, 0x3caa0000)
  from space 17664K,   5% used [0x3dbe0000, 0x3dccf320, 0x3ed20000)
  to   space 17664K,   0% used [0x3caa0000, 0x3caa0000, 0x3dbe0000)
 tenured generation   total 354340K, used 347161K [0x49540000, 0x5ef49000, 0x74000000)
   the space 354340K,  97% used [0x49540000, 0x5e846560, 0x5e846600, 0x5ef49000)
 Metaspace       used 9635K, capacity 9840K, committed 10008K, reserved 10544K
Event: 4169.600 GC heap after
Heap after GC invocations=18914 (full 23):
 def new generation   total 159616K, used 956K [0x34000000, 0x3ed20000, 0x49540000)
  eden space 141952K,   0% used [0x34000000, 0x34000000, 0x3caa0000)
  from space 17664K,   5% used [0x3caa0000, 0x3cb8f320, 0x3dbe0000)
  to   space 17664K,   0% used [0x3dbe0000, 0x3dbe0000, 0x3ed20000)
 tenured generation   total 354340K, used 347161K [0x49540000, 0x5ef49000, 0x74000000)
   the space 354340K,  97% used [0x49540000, 0x5e846560, 0x5e846600, 0x5ef49000)
 Metaspace       used 9635K, capacity 9840K, committed 10008K, reserved 10544K
}
Event: 4170.076 GC heap before
{Heap before GC invocations=18914 (full 23):
 def new generation   total 159616K, used 142908K [0x34000000, 0x3ed20000, 0x49540000)
  eden space 141952K, 100% used [0x34000000, 0x3caa0000, 0x3caa0000)
  from space 17664K,   5% used [0x3caa0000, 0x3cb8f320, 0x3dbe0000)
  to   space 17664K,   0% used [0x3dbe0000, 0x3dbe0000, 0x3ed20000)
 tenured generation   total 354340K, used 347161K [0x49540000, 0x5ef49000, 0x74000000)
   the space 354340K,  97% used [0x49540000, 0x5e846560, 0x5e846600, 0x5ef49000)
 Metaspace       used 9635K, capacity 9840K, committed 10008K, reserved 10544K
Event: 4170.135 GC heap after
Heap after GC invocations=18915 (full 23):
 def new generation   total 159616K, used 11289K [0x34000000, 0x3ed20000, 0x49540000)
  eden space 141952K,   0% used [0x34000000, 0x34000000, 0x3caa0000)
  from space 17664K,  63% used [0x3dbe0000, 0x3e6e6798, 0x3ed20000)
  to   space 17664K,   0% used [0x3caa0000, 0x3caa0000, 0x3dbe0000)
 tenured generation   total 354340K, used 347161K [0x49540000, 0x5ef49000, 0x74000000)
   the space 354340K,  97% used [0x49540000, 0x5e846560, 0x5e846600, 0x5ef49000)
 Metaspace       used 9635K, capacity 9840K, committed 10008K, reserved 10544K
}
Event: 4170.408 GC heap before
{Heap before GC invocations=18915 (full 23):
 def new generation   total 159616K, used 153207K [0x34000000, 0x3ed20000, 0x49540000)
  eden space 141952K,  99% used [0x34000000, 0x3ca97528, 0x3caa0000)
  from space 17664K,  63% used [0x3dbe0000, 0x3e6e6798, 0x3ed20000)
  to   space 17664K,   0% used [0x3caa0000, 0x3caa0000, 0x3dbe0000)
 tenured generation   total 354340K, used 347161K [0x49540000, 0x5ef49000, 0x74000000)
   the space 354340K,  97% used [0x49540000, 0x5e846560, 0x5e846600, 0x5ef49000)
 Metaspace       used 9635K, capacity 9840K, committed 10008K, reserved 10544K

