# JRE version: Java(TM) SE Runtime Environment (8.0_151-b12) (build 1.8.0_151-b12)
# Java VM: Java HotSpot(TM) Client VM (25.151-b12 mixed mode linux-arm )
Heap:
 def new generation   total 4864K, used 2198K [0x65600000, 0x65b40000, 0x6a340000)
  eden space 4352K,  48% used [0x65600000, 0x6580e568, 0x65a40000)
  from space 512K,  18% used [0x65ac0000, 0x65ad7660, 0x65b40000)
  to   space 512K,   0% used [0x65a40000, 0x65a40000, 0x65ac0000)
 tenured generation   total 11008K, used 3234K [0x6a340000, 0x6ae00000, 0x73e00000)
   the space 11008K,  29% used [0x6a340000, 0x6a6689a8, 0x6a668a00, 0x6ae00000)
 Metaspace       used 9554K, capacity 9741K, committed 9880K, reserved 10544K
GC Heap History (10 events):
Event: 2.955 GC heap before
{Heap before GC invocations=0 (full 0):
 def new generation   total 4864K, used 4352K [0x65600000, 0x65b40000, 0x6a340000)
  eden space 4352K, 100% used [0x65600000, 0x65a40000, 0x65a40000)
  from space 512K,   0% used [0x65a40000, 0x65a40000, 0x65ac0000)
  to   space 512K,   0% used [0x65ac0000, 0x65ac0000, 0x65b40000)
 tenured generation   total 11008K, used 0K [0x6a340000, 0x6ae00000, 0x73e00000)
   the space 11008K,   0% used [0x6a340000, 0x6a340000, 0x6a340200, 0x6ae00000)
 Metaspace       used 6446K, capacity 6649K, committed 6680K, reserved 7472K
Event: 3.004 GC heap after
Heap after GC invocations=1 (full 0):
 def new generation   total 4864K, used 512K [0x65600000, 0x65b40000, 0x6a340000)
  eden space 4352K,   0% used [0x65600000, 0x65600000, 0x65a40000)
  from space 512K, 100% used [0x65ac0000, 0x65b40000, 0x65b40000)
  to   space 512K,   0% used [0x65a40000, 0x65a40000, 0x65ac0000)
 tenured generation   total 11008K, used 937K [0x6a340000, 0x6ae00000, 0x73e00000)
   the space 11008K,   8% used [0x6a340000, 0x6a42a688, 0x6a42a800, 0x6ae00000)
 Metaspace       used 6446K, capacity 6649K, committed 6680K, reserved 7472K
}
Event: 7.869 GC heap before
{Heap before GC invocations=1 (full 0):
 def new generation   total 4864K, used 4864K [0x65600000, 0x65b40000, 0x6a340000)
  eden space 4352K, 100% used [0x65600000, 0x65a40000, 0x65a40000)
  from space 512K, 100% used [0x65ac0000, 0x65b40000, 0x65b40000)
  to   space 512K,   0% used [0x65a40000, 0x65a40000, 0x65ac0000)
 tenured generation   total 11008K, used 937K [0x6a340000, 0x6ae00000, 0x73e00000)
   the space 11008K,   8% used [0x6a340000, 0x6a42a688, 0x6a42a800, 0x6ae00000)
 Metaspace       used 8589K, capacity 8803K, committed 8856K, reserved 9520K
Event: 7.920 GC heap after
Heap after GC invocations=2 (full 0):
 def new generation   total 4864K, used 512K [0x65600000, 0x65b40000, 0x6a340000)
  eden space 4352K,   0% used [0x65600000, 0x65600000, 0x65a40000)
  from space 512K, 100% used [0x65a40000, 0x65ac0000, 0x65ac0000)
  to   space 512K,   0% used [0x65ac0000, 0x65ac0000, 0x65b40000)
 tenured generation   total 11008K, used 1974K [0x6a340000, 0x6ae00000, 0x73e00000)
   the space 11008K,  17% used [0x6a340000, 0x6a52dae0, 0x6a52dc00, 0x6ae00000)
 Metaspace       used 8589K, capacity 8803K, committed 8856K, reserved 9520K
}
Event: 8.497 GC heap before
{Heap before GC invocations=2 (full 0):
 def new generation   total 4864K, used 4864K [0x65600000, 0x65b40000, 0x6a340000)
  eden space 4352K, 100% used [0x65600000, 0x65a40000, 0x65a40000)
  from space 512K, 100% used [0x65a40000, 0x65ac0000, 0x65ac0000)
  to   space 512K,   0% used [0x65ac0000, 0x65ac0000, 0x65b40000)
 tenured generation   total 11008K, used 1974K [0x6a340000, 0x6ae00000, 0x73e00000)
   the space 11008K,  17% used [0x6a340000, 0x6a52dae0, 0x6a52dc00, 0x6ae00000)
 Metaspace       used 8888K, capacity 9096K, committed 9240K, reserved 9520K
Event: 8.538 GC heap after
Heap after GC invocations=3 (full 0):
 def new generation   total 4864K, used 512K [0x65600000, 0x65b40000, 0x6a340000)
  eden space 4352K,   0% used [0x65600000, 0x65600000, 0x65a40000)
  from space 512K, 100% used [0x65ac0000, 0x65b40000, 0x65b40000)
  to   space 512K,   0% used [0x65a40000, 0x65a40000, 0x65ac0000)
 tenured generation   total 11008K, used 2571K [0x6a340000, 0x6ae00000, 0x73e00000)
   the space 11008K,  23% used [0x6a340000, 0x6a5c2c08, 0x6a5c2e00, 0x6ae00000)
 Metaspace       used 8888K, capacity 9096K, committed 9240K, reserved 9520K
}
Event: 9.580 GC heap before
{Heap before GC invocations=3 (full 0):
 def new generation   total 4864K, used 4861K [0x65600000, 0x65b40000, 0x6a340000)
  eden space 4352K,  99% used [0x65600000, 0x65a3f468, 0x65a40000)
  from space 512K, 100% used [0x65ac0000, 0x65b40000, 0x65b40000)
  to   space 512K,   0% used [0x65a40000, 0x65a40000, 0x65ac0000)
 tenured generation   total 11008K, used 2571K [0x6a340000, 0x6ae00000, 0x73e00000)
   the space 11008K,  23% used [0x6a340000, 0x6a5c2c08, 0x6a5c2e00, 0x6ae00000)
 Metaspace       used 9519K, capacity 9709K, committed 9880K, reserved 10544K
Event: 9.600 GC heap after
Heap after GC invocations=4 (full 0):
 def new generation   total 4864K, used 512K [0x65600000, 0x65b40000, 0x6a340000)
  eden space 4352K,   0% used [0x65600000, 0x65600000, 0x65a40000)
  from space 512K, 100% used [0x65a40000, 0x65ac0000, 0x65ac0000)
  to   space 512K,   0% used [0x65ac0000, 0x65ac0000, 0x65b40000)
 tenured generation   total 11008K, used 2934K [0x6a340000, 0x6ae00000, 0x73e00000)
   the space 11008K,  26% used [0x6a340000, 0x6a61d9a0, 0x6a61da00, 0x6ae00000)
 Metaspace       used 9519K, capacity 9709K, committed 9880K, reserved 10544K
}
Event: 9.806 GC heap before
{Heap before GC invocations=4 (full 0):
 def new generation   total 4864K, used 4864K [0x65600000, 0x65b40000, 0x6a340000)
  eden space 4352K, 100% used [0x65600000, 0x65a40000, 0x65a40000)
  from space 512K, 100% used [0x65a40000, 0x65ac0000, 0x65ac0000)
  to   space 512K,   0% used [0x65ac0000, 0x65ac0000, 0x65b40000)
 tenured generation   total 11008K, used 2934K [0x6a340000, 0x6ae00000, 0x73e00000)
   the space 11008K,  26% used [0x6a340000, 0x6a61d9a0, 0x6a61da00, 0x6ae00000)
 Metaspace       used 9519K, capacity 9709K, committed 9880K, reserved 10544K
Event: 9.817 GC heap after
Heap after GC invocations=5 (full 0):
 def new generation   total 4864K, used 93K [0x65600000, 0x65b40000, 0x6a340000)
  eden space 4352K,   0% used [0x65600000, 0x65600000, 0x65a40000)
  from space 512K,  18% used [0x65ac0000, 0x65ad7660, 0x65b40000)
  to   space 512K,   0% used [0x65a40000, 0x65a40000, 0x65ac0000)
 tenured generation   total 11008K, used 3234K [0x6a340000, 0x6ae00000, 0x73e00000)
   the space 11008K,  29% used [0x6a340000, 0x6a6689a8, 0x6a668a00, 0x6ae00000)
 Metaspace       used 9519K, capacity 9709K, committed 9880K, reserved 10544K
}

