# JRE version: Java(TM) SE Runtime Environment (8.0_65-b17) (build 1.8.0_65-b17)
# Java VM: Java HotSpot(TM) Client VM (25.65-b01 mixed mode linux-arm )
Heap:
 def new generation   total 4864K, used 2655K [0x65800000, 0x65d40000, 0x6a540000)
  eden space 4352K,  59% used [0x65800000, 0x65a84750, 0x65c40000)
  from space 512K,  15% used [0x65cc0000, 0x65cd3560, 0x65d40000)
  to   space 512K,   0% used [0x65c40000, 0x65c40000, 0x65cc0000)
 tenured generation   total 11008K, used 3935K [0x6a540000, 0x6b000000, 0x74000000)
   the space 11008K,  35% used [0x6a540000, 0x6a917d98, 0x6a917e00, 0x6b000000)
 Metaspace       used 9730K, capacity 9971K, committed 10136K, reserved 10544K
GC Heap History (10 events):
Event: 24.946 GC heap before
{Heap before GC invocations=10 (full 0):
 def new generation   total 4864K, used 4507K [0x65800000, 0x65d40000, 0x6a540000)
  eden space 4352K,  97% used [0x65800000, 0x65c29eb8, 0x65c40000)
  from space 512K,  47% used [0x65c40000, 0x65c7d0e0, 0x65cc0000)
  to   space 512K,   0% used [0x65cc0000, 0x65cc0000, 0x65d40000)
 tenured generation   total 11008K, used 3733K [0x6a540000, 0x6b000000, 0x74000000)
   the space 11008K,  33% used [0x6a540000, 0x6a8e56b0, 0x6a8e5800, 0x6b000000)
 Metaspace       used 9710K, capacity 9939K, committed 10008K, reserved 10544K
Event: 24.953 GC heap after
Heap after GC invocations=11 (full 0):
 def new generation   total 4864K, used 308K [0x65800000, 0x65d40000, 0x6a540000)
  eden space 4352K,   0% used [0x65800000, 0x65800000, 0x65c40000)
  from space 512K,  60% used [0x65cc0000, 0x65d0d0f0, 0x65d40000)
  to   space 512K,   0% used [0x65c40000, 0x65c40000, 0x65cc0000)
 tenured generation   total 11008K, used 3733K [0x6a540000, 0x6b000000, 0x74000000)
   the space 11008K,  33% used [0x6a540000, 0x6a8e56b0, 0x6a8e5800, 0x6b000000)
 Metaspace       used 9710K, capacity 9939K, committed 10008K, reserved 10544K
}
Event: 24.977 GC heap before
{Heap before GC invocations=11 (full 0):
 def new generation   total 4864K, used 4629K [0x65800000, 0x65d40000, 0x6a540000)
  eden space 4352K,  99% used [0x65800000, 0x65c384c8, 0x65c40000)
  from space 512K,  60% used [0x65cc0000, 0x65d0d0f0, 0x65d40000)
  to   space 512K,   0% used [0x65c40000, 0x65c40000, 0x65cc0000)
 tenured generation   total 11008K, used 3733K [0x6a540000, 0x6b000000, 0x74000000)
   the space 11008K,  33% used [0x6a540000, 0x6a8e56b0, 0x6a8e5800, 0x6b000000)
 Metaspace       used 9710K, capacity 9939K, committed 10008K, reserved 10544K
Event: 24.984 GC heap after
Heap after GC invocations=12 (full 0):
 def new generation   total 4864K, used 196K [0x65800000, 0x65d40000, 0x6a540000)
  eden space 4352K,   0% used [0x65800000, 0x65800000, 0x65c40000)
  from space 512K,  38% used [0x65c40000, 0x65c711d0, 0x65cc0000)
  to   space 512K,   0% used [0x65cc0000, 0x65cc0000, 0x65d40000)
 tenured generation   total 11008K, used 3792K [0x6a540000, 0x6b000000, 0x74000000)
   the space 11008K,  34% used [0x6a540000, 0x6a8f4330, 0x6a8f4400, 0x6b000000)
 Metaspace       used 9710K, capacity 9939K, committed 10008K, reserved 10544K
}
Event: 25.009 GC heap before
{Heap before GC invocations=12 (full 0):
 def new generation   total 4864K, used 4537K [0x65800000, 0x65d40000, 0x6a540000)
  eden space 4352K,  99% used [0x65800000, 0x65c3d358, 0x65c40000)
  from space 512K,  38% used [0x65c40000, 0x65c711d0, 0x65cc0000)
  to   space 512K,   0% used [0x65cc0000, 0x65cc0000, 0x65d40000)
 tenured generation   total 11008K, used 3792K [0x6a540000, 0x6b000000, 0x74000000)
   the space 11008K,  34% used [0x6a540000, 0x6a8f4330, 0x6a8f4400, 0x6b000000)
 Metaspace       used 9710K, capacity 9939K, committed 10008K, reserved 10544K
Event: 25.015 GC heap after
Heap after GC invocations=13 (full 0):
 def new generation   total 4864K, used 269K [0x65800000, 0x65d40000, 0x6a540000)
  eden space 4352K,   0% used [0x65800000, 0x65800000, 0x65c40000)
  from space 512K,  52% used [0x65cc0000, 0x65d03480, 0x65d40000)
  to   space 512K,   0% used [0x65c40000, 0x65c40000, 0x65cc0000)
 tenured generation   total 11008K, used 3792K [0x6a540000, 0x6b000000, 0x74000000)
   the space 11008K,  34% used [0x6a540000, 0x6a8f4330, 0x6a8f4400, 0x6b000000)
 Metaspace       used 9710K, capacity 9939K, committed 10008K, reserved 10544K
}
Event: 321.902 GC heap before
{Heap before GC invocations=13 (full 0):
 def new generation   total 4864K, used 4621K [0x65800000, 0x65d40000, 0x6a540000)
  eden space 4352K, 100% used [0x65800000, 0x65c40000, 0x65c40000)
  from space 512K,  52% used [0x65cc0000, 0x65d03480, 0x65d40000)
  to   space 512K,   0% used [0x65c40000, 0x65c40000, 0x65cc0000)
 tenured generation   total 11008K, used 3792K [0x6a540000, 0x6b000000, 0x74000000)
   the space 11008K,  34% used [0x6a540000, 0x6a8f4330, 0x6a8f4400, 0x6b000000)
 Metaspace       used 9710K, capacity 9939K, committed 10008K, reserved 10544K
Event: 321.918 GC heap after
Heap after GC invocations=14 (full 0):
 def new generation   total 4864K, used 321K [0x65800000, 0x65d40000, 0x6a540000)
  eden space 4352K,   0% used [0x65800000, 0x65800000, 0x65c40000)
  from space 512K,  62% used [0x65c40000, 0x65c90518, 0x65cc0000)
  to   space 512K,   0% used [0x65cc0000, 0x65cc0000, 0x65d40000)
 tenured generation   total 11008K, used 3921K [0x6a540000, 0x6b000000, 0x74000000)
   the space 11008K,  35% used [0x6a540000, 0x6a9144b0, 0x6a914600, 0x6b000000)
 Metaspace       used 9710K, capacity 9939K, committed 10008K, reserved 10544K
}
Event: 322.247 GC heap before
{Heap before GC invocations=14 (full 0):
 def new generation   total 4864K, used 4665K [0x65800000, 0x65d40000, 0x6a540000)
  eden space 4352K,  99% used [0x65800000, 0x65c3e1f8, 0x65c40000)
  from space 512K,  62% used [0x65c40000, 0x65c90518, 0x65cc0000)
  to   space 512K,   0% used [0x65cc0000, 0x65cc0000, 0x65d40000)
 tenured generation   total 11008K, used 3921K [0x6a540000, 0x6b000000, 0x74000000)
   the space 11008K,  35% used [0x6a540000, 0x6a9144b0, 0x6a914600, 0x6b000000)
 Metaspace       used 9713K, capacity 9939K, committed 10008K, reserved 10544K
Event: 322.254 GC heap after
Heap after GC invocations=15 (full 0):
 def new generation   total 4864K, used 77K [0x65800000, 0x65d40000, 0x6a540000)
  eden space 4352K,   0% used [0x65800000, 0x65800000, 0x65c40000)
  from space 512K,  15% used [0x65cc0000, 0x65cd3560, 0x65d40000)
  to   space 512K,   0% used [0x65c40000, 0x65c40000, 0x65cc0000)
 tenured generation   total 11008K, used 3935K [0x6a540000, 0x6b000000, 0x74000000)
   the space 11008K,  35% used [0x6a540000, 0x6a917d98, 0x6a917e00, 0x6b000000)
 Metaspace       used 9713K, capacity 9939K, committed 10008K, reserved 10544K
}

