# JRE version: Java(TM) SE Runtime Environment (8.0_65-b17) (build 1.8.0_65-b17)
# Java VM: Java HotSpot(TM) Client VM (25.65-b01 mixed mode linux-arm )
Heap:
 def new generation   total 4864K, used 511K [0x64000000, 0x64540000, 0x69540000)
  eden space 4352K,   0% used [0x64000000, 0x64000000, 0x64440000)
  from space 512K,  99% used [0x644c0000, 0x6453fff8, 0x64540000)
  to   space 512K,   0% used [0x64440000, 0x64440000, 0x644c0000)
 tenured generation   total 11136K, used 11036K [0x69540000, 0x6a020000, 0x74000000)
   the space 11136K,  99% used [0x69540000, 0x6a0073f8, 0x69606200, 0x6a020000)
 Metaspace       used 9561K, capacity 9781K, committed 9880K, reserved 10544K
GC Heap History (10 events):
Event: 17.708 GC heap after
Heap after GC invocations=18 (full 0):
 def new generation   total 4864K, used 144K [0x64000000, 0x64540000, 0x69540000)
  eden space 4352K,   0% used [0x64000000, 0x64000000, 0x64440000)
  from space 512K,  28% used [0x64440000, 0x64464320, 0x644c0000)
  to   space 512K,   0% used [0x644c0000, 0x644c0000, 0x64540000)
 tenured generation   total 11008K, used 8878K [0x69540000, 0x6a000000, 0x74000000)
   the space 11008K,  80% used [0x69540000, 0x69deb800, 0x69deb800, 0x6a000000)
 Metaspace       used 9550K, capacity 9781K, committed 9880K, reserved 10544K
}
Event: 18.025 GC heap before
{Heap before GC invocations=18 (full 0):
 def new generation   total 4864K, used 4491K [0x64000000, 0x64540000, 0x69540000)
  eden space 4352K,  99% used [0x64000000, 0x6443ec58, 0x64440000)
  from space 512K,  28% used [0x64440000, 0x64464320, 0x644c0000)
  to   space 512K,   0% used [0x644c0000, 0x644c0000, 0x64540000)
 tenured generation   total 11008K, used 8878K [0x69540000, 0x6a000000, 0x74000000)
   the space 11008K,  80% used [0x69540000, 0x69deb800, 0x69deb800, 0x6a000000)
 Metaspace       used 9550K, capacity 9781K, committed 9880K, reserved 10544K
Event: 18.031 GC heap after
Heap after GC invocations=19 (full 0):
 def new generation   total 4864K, used 311K [0x64000000, 0x64540000, 0x69540000)
  eden space 4352K,   0% used [0x64000000, 0x64000000, 0x64440000)
  from space 512K,  60% used [0x644c0000, 0x6450dc60, 0x64540000)
  to   space 512K,   0% used [0x64440000, 0x64440000, 0x644c0000)
 tenured generation   total 11008K, used 8878K [0x69540000, 0x6a000000, 0x74000000)
   the space 11008K,  80% used [0x69540000, 0x69deb800, 0x69deb800, 0x6a000000)
 Metaspace       used 9550K, capacity 9781K, committed 9880K, reserved 10544K
}
Event: 18.087 GC heap before
{Heap before GC invocations=19 (full 0):
 def new generation   total 4864K, used 4663K [0x64000000, 0x64540000, 0x69540000)
  eden space 4352K, 100% used [0x64000000, 0x64440000, 0x64440000)
  from space 512K,  60% used [0x644c0000, 0x6450dc60, 0x64540000)
  to   space 512K,   0% used [0x64440000, 0x64440000, 0x644c0000)
 tenured generation   total 11008K, used 8878K [0x69540000, 0x6a000000, 0x74000000)
   the space 11008K,  80% used [0x69540000, 0x69deb800, 0x69deb800, 0x6a000000)
 Metaspace       used 9550K, capacity 9781K, committed 9880K, reserved 10544K
Event: 18.094 GC heap after
Heap after GC invocations=20 (full 0):
 def new generation   total 4864K, used 512K [0x64000000, 0x64540000, 0x69540000)
  eden space 4352K,   0% used [0x64000000, 0x64000000, 0x64440000)
  from space 512K, 100% used [0x64440000, 0x644c0000, 0x644c0000)
  to   space 512K,   0% used [0x644c0000, 0x644c0000, 0x64540000)
 tenured generation   total 11008K, used 9189K [0x69540000, 0x6a000000, 0x74000000)
   the space 11008K,  83% used [0x69540000, 0x69e39680, 0x69e39800, 0x6a000000)
 Metaspace       used 9550K, capacity 9781K, committed 9880K, reserved 10544K
}
Event: 18.154 GC heap before
{Heap before GC invocations=20 (full 0):
 def new generation   total 4864K, used 4840K [0x64000000, 0x64540000, 0x69540000)
  eden space 4352K,  99% used [0x64000000, 0x6443a0f8, 0x64440000)
  from space 512K, 100% used [0x64440000, 0x644c0000, 0x644c0000)
  to   space 512K,   0% used [0x644c0000, 0x644c0000, 0x64540000)
 tenured generation   total 11008K, used 9189K [0x69540000, 0x6a000000, 0x74000000)
   the space 11008K,  83% used [0x69540000, 0x69e39680, 0x69e39800, 0x6a000000)
 Metaspace       used 9561K, capacity 9781K, committed 9880K, reserved 10544K
Event: 18.162 GC heap after
Heap after GC invocations=21 (full 0):
 def new generation   total 4864K, used 511K [0x64000000, 0x64540000, 0x69540000)
  eden space 4352K,   0% used [0x64000000, 0x64000000, 0x64440000)
  from space 512K,  99% used [0x644c0000, 0x6453fff8, 0x64540000)
  to   space 512K,   0% used [0x64440000, 0x64440000, 0x644c0000)
 tenured generation   total 11008K, used 9783K [0x69540000, 0x6a000000, 0x74000000)
   the space 11008K,  88% used [0x69540000, 0x69ecde58, 0x69ece000, 0x6a000000)
 Metaspace       used 9561K, capacity 9781K, committed 9880K, reserved 10544K
}
Event: 18.209 GC heap before
{Heap before GC invocations=21 (full 0):
 def new generation   total 4864K, used 4863K [0x64000000, 0x64540000, 0x69540000)
  eden space 4352K, 100% used [0x64000000, 0x64440000, 0x64440000)
  from space 512K,  99% used [0x644c0000, 0x6453fff8, 0x64540000)
  to   space 512K,   0% used [0x64440000, 0x64440000, 0x644c0000)
 tenured generation   total 11008K, used 9783K [0x69540000, 0x6a000000, 0x74000000)
   the space 11008K,  88% used [0x69540000, 0x69ecde58, 0x69ece000, 0x6a000000)
 Metaspace       used 9561K, capacity 9781K, committed 9880K, reserved 10544K
Event: 18.215 GC heap after
Heap after GC invocations=22 (full 0):
 def new generation   total 4864K, used 511K [0x64000000, 0x64540000, 0x69540000)
  eden space 4352K,   0% used [0x64000000, 0x64000000, 0x64440000)
  from space 512K,  99% used [0x64440000, 0x644bfff8, 0x644c0000)
  to   space 512K,   0% used [0x644c0000, 0x644c0000, 0x64540000)
 tenured generation   total 11008K, used 10437K [0x69540000, 0x6a000000, 0x74000000)
   the space 11008K,  94% used [0x69540000, 0x69f716e0, 0x69f71800, 0x6a000000)
 Metaspace       used 9561K, capacity 9781K, committed 9880K, reserved 10544K
}
Event: 18.299 GC heap before
{Heap before GC invocations=22 (full 0):
 def new generation   total 4864K, used 4845K [0x64000000, 0x64540000, 0x69540000)
  eden space 4352K,  99% used [0x64000000, 0x6443b5a8, 0x64440000)
  from space 512K,  99% used [0x64440000, 0x644bfff8, 0x644c0000)
  to   space 512K,   0% used [0x644c0000, 0x644c0000, 0x64540000)
 tenured generation   total 11008K, used 10437K [0x69540000, 0x6a000000, 0x74000000)
   the space 11008K,  94% used [0x69540000, 0x69f716e0, 0x69f71800, 0x6a000000)
 Metaspace       used 9561K, capacity 9781K, committed 9880K, reserved 10544K

