# JRE version: Java(TM) SE Runtime Environment (8.0_151-b12) (build 1.8.0_151-b12)
# Java VM: Java HotSpot(TM) Client VM (25.151-b12 mixed mode linux-arm )
Heap:
 def new generation   total 4864K, used 2089K [0x65800000, 0x65d40000, 0x6a540000)
  eden space 4352K,  45% used [0x65800000, 0x659ee088, 0x65c40000)
  from space 512K,  22% used [0x65cc0000, 0x65cdc3b8, 0x65d40000)
  to   space 512K,   0% used [0x65c40000, 0x65c40000, 0x65cc0000)
 tenured generation   total 11008K, used 3243K [0x6a540000, 0x6b000000, 0x74000000)
   the space 11008K,  29% used [0x6a540000, 0x6a86ac58, 0x6a86ae00, 0x6b000000)
 Metaspace       used 9555K, capacity 9741K, committed 9880K, reserved 10544K
GC Heap History (10 events):
Event: 2.997 GC heap before
{Heap before GC invocations=0 (full 0):
 def new generation   total 4864K, used 4352K [0x65800000, 0x65d40000, 0x6a540000)
  eden space 4352K, 100% used [0x65800000, 0x65c40000, 0x65c40000)
  from space 512K,   0% used [0x65c40000, 0x65c40000, 0x65cc0000)
  to   space 512K,   0% used [0x65cc0000, 0x65cc0000, 0x65d40000)
 tenured generation   total 11008K, used 0K [0x6a540000, 0x6b000000, 0x74000000)
   the space 11008K,   0% used [0x6a540000, 0x6a540000, 0x6a540200, 0x6b000000)
 Metaspace       used 6446K, capacity 6649K, committed 6680K, reserved 7472K
Event: 3.047 GC heap after
Heap after GC invocations=1 (full 0):
 def new generation   total 4864K, used 512K [0x65800000, 0x65d40000, 0x6a540000)
  eden space 4352K,   0% used [0x65800000, 0x65800000, 0x65c40000)
  from space 512K, 100% used [0x65cc0000, 0x65d40000, 0x65d40000)
  to   space 512K,   0% used [0x65c40000, 0x65c40000, 0x65cc0000)
 tenured generation   total 11008K, used 937K [0x6a540000, 0x6b000000, 0x74000000)
   the space 11008K,   8% used [0x6a540000, 0x6a62a688, 0x6a62a800, 0x6b000000)
 Metaspace       used 6446K, capacity 6649K, committed 6680K, reserved 7472K
}
Event: 7.974 GC heap before
{Heap before GC invocations=1 (full 0):
 def new generation   total 4864K, used 4864K [0x65800000, 0x65d40000, 0x6a540000)
  eden space 4352K, 100% used [0x65800000, 0x65c40000, 0x65c40000)
  from space 512K, 100% used [0x65cc0000, 0x65d40000, 0x65d40000)
  to   space 512K,   0% used [0x65c40000, 0x65c40000, 0x65cc0000)
 tenured generation   total 11008K, used 937K [0x6a540000, 0x6b000000, 0x74000000)
   the space 11008K,   8% used [0x6a540000, 0x6a62a688, 0x6a62a800, 0x6b000000)
 Metaspace       used 8589K, capacity 8803K, committed 8856K, reserved 9520K
Event: 8.019 GC heap after
Heap after GC invocations=2 (full 0):
 def new generation   total 4864K, used 512K [0x65800000, 0x65d40000, 0x6a540000)
  eden space 4352K,   0% used [0x65800000, 0x65800000, 0x65c40000)
  from space 512K, 100% used [0x65c40000, 0x65cc0000, 0x65cc0000)
  to   space 512K,   0% used [0x65cc0000, 0x65cc0000, 0x65d40000)
 tenured generation   total 11008K, used 1965K [0x6a540000, 0x6b000000, 0x74000000)
   the space 11008K,  17% used [0x6a540000, 0x6a72b788, 0x6a72b800, 0x6b000000)
 Metaspace       used 8589K, capacity 8803K, committed 8856K, reserved 9520K
}
Event: 8.609 GC heap before
{Heap before GC invocations=2 (full 0):
 def new generation   total 4864K, used 4864K [0x65800000, 0x65d40000, 0x6a540000)
  eden space 4352K, 100% used [0x65800000, 0x65c40000, 0x65c40000)
  from space 512K, 100% used [0x65c40000, 0x65cc0000, 0x65cc0000)
  to   space 512K,   0% used [0x65cc0000, 0x65cc0000, 0x65d40000)
 tenured generation   total 11008K, used 1965K [0x6a540000, 0x6b000000, 0x74000000)
   the space 11008K,  17% used [0x6a540000, 0x6a72b788, 0x6a72b800, 0x6b000000)
 Metaspace       used 8926K, capacity 9128K, committed 9240K, reserved 9520K
Event: 8.644 GC heap after
Heap after GC invocations=3 (full 0):
 def new generation   total 4864K, used 512K [0x65800000, 0x65d40000, 0x6a540000)
  eden space 4352K,   0% used [0x65800000, 0x65800000, 0x65c40000)
  from space 512K, 100% used [0x65cc0000, 0x65d40000, 0x65d40000)
  to   space 512K,   0% used [0x65c40000, 0x65c40000, 0x65cc0000)
 tenured generation   total 11008K, used 2642K [0x6a540000, 0x6b000000, 0x74000000)
   the space 11008K,  24% used [0x6a540000, 0x6a7d4970, 0x6a7d4a00, 0x6b000000)
 Metaspace       used 8926K, capacity 9128K, committed 9240K, reserved 9520K
}
Event: 9.607 GC heap before
{Heap before GC invocations=3 (full 0):
 def new generation   total 4864K, used 4864K [0x65800000, 0x65d40000, 0x6a540000)
  eden space 4352K, 100% used [0x65800000, 0x65c40000, 0x65c40000)
  from space 512K, 100% used [0x65cc0000, 0x65d40000, 0x65d40000)
  to   space 512K,   0% used [0x65c40000, 0x65c40000, 0x65cc0000)
 tenured generation   total 11008K, used 2642K [0x6a540000, 0x6b000000, 0x74000000)
   the space 11008K,  24% used [0x6a540000, 0x6a7d4970, 0x6a7d4a00, 0x6b000000)
 Metaspace       used 9520K, capacity 9709K, committed 9880K, reserved 10544K
Event: 9.626 GC heap after
Heap after GC invocations=4 (full 0):
 def new generation   total 4864K, used 511K [0x65800000, 0x65d40000, 0x6a540000)
  eden space 4352K,   0% used [0x65800000, 0x65800000, 0x65c40000)
  from space 512K,  99% used [0x65c40000, 0x65cbffb8, 0x65cc0000)
  to   space 512K,   0% used [0x65cc0000, 0x65cc0000, 0x65d40000)
 tenured generation   total 11008K, used 2947K [0x6a540000, 0x6b000000, 0x74000000)
   the space 11008K,  26% used [0x6a540000, 0x6a820c90, 0x6a820e00, 0x6b000000)
 Metaspace       used 9520K, capacity 9709K, committed 9880K, reserved 10544K
}
Event: 9.779 GC heap before
{Heap before GC invocations=4 (full 0):
 def new generation   total 4864K, used 4852K [0x65800000, 0x65d40000, 0x6a540000)
  eden space 4352K,  99% used [0x65800000, 0x65c3d128, 0x65c40000)
  from space 512K,  99% used [0x65c40000, 0x65cbffb8, 0x65cc0000)
  to   space 512K,   0% used [0x65cc0000, 0x65cc0000, 0x65d40000)
 tenured generation   total 11008K, used 2947K [0x6a540000, 0x6b000000, 0x74000000)
   the space 11008K,  26% used [0x6a540000, 0x6a820c90, 0x6a820e00, 0x6b000000)
 Metaspace       used 9520K, capacity 9709K, committed 9880K, reserved 10544K
Event: 9.792 GC heap after
Heap after GC invocations=5 (full 0):
 def new generation   total 4864K, used 112K [0x65800000, 0x65d40000, 0x6a540000)
  eden space 4352K,   0% used [0x65800000, 0x65800000, 0x65c40000)
  from space 512K,  22% used [0x65cc0000, 0x65cdc3b8, 0x65d40000)
  to   space 512K,   0% used [0x65c40000, 0x65c40000, 0x65cc0000)
 tenured generation   total 11008K, used 3243K [0x6a540000, 0x6b000000, 0x74000000)
   the space 11008K,  29% used [0x6a540000, 0x6a86ac58, 0x6a86ae00, 0x6b000000)
 Metaspace       used 9520K, capacity 9709K, committed 9880K, reserved 10544K
}

