# JRE version: Java(TM) SE Runtime Environment (8.0_65-b17) (build 1.8.0_65-b17)
# Java VM: Java HotSpot(TM) Client VM (25.65-b01 mixed mode linux-arm )
Heap:
 def new generation   total 4864K, used 879K [0x65800000, 0x65d40000, 0x6a540000)
  eden space 4352K,  16% used [0x65800000, 0x658b8b60, 0x65c40000)
  from space 512K,  27% used [0x65cc0000, 0x65ce3168, 0x65d40000)
  to   space 512K,   0% used [0x65c40000, 0x65c40000, 0x65cc0000)
 tenured generation   total 11008K, used 3465K [0x6a540000, 0x6b000000, 0x74000000)
   the space 11008K,  31% used [0x6a540000, 0x6a8a2708, 0x6a8a2800, 0x6b000000)
 Metaspace       used 9524K, capacity 9747K, committed 9880K, reserved 10544K
GC Heap History (10 events):
Event: 2.698 GC heap before
{Heap before GC invocations=0 (full 0):
 def new generation   total 4864K, used 4352K [0x65800000, 0x65d40000, 0x6a540000)
  eden space 4352K, 100% used [0x65800000, 0x65c40000, 0x65c40000)
  from space 512K,   0% used [0x65c40000, 0x65c40000, 0x65cc0000)
  to   space 512K,   0% used [0x65cc0000, 0x65cc0000, 0x65d40000)
 tenured generation   total 11008K, used 0K [0x6a540000, 0x6b000000, 0x74000000)
   the space 11008K,   0% used [0x6a540000, 0x6a540000, 0x6a540200, 0x6b000000)
 Metaspace       used 6380K, capacity 6550K, committed 6680K, reserved 7472K
Event: 2.748 GC heap after
Heap after GC invocations=1 (full 0):
 def new generation   total 4864K, used 512K [0x65800000, 0x65d40000, 0x6a540000)
  eden space 4352K,   0% used [0x65800000, 0x65800000, 0x65c40000)
  from space 512K, 100% used [0x65cc0000, 0x65d40000, 0x65d40000)
  to   space 512K,   0% used [0x65c40000, 0x65c40000, 0x65cc0000)
 tenured generation   total 11008K, used 945K [0x6a540000, 0x6b000000, 0x74000000)
   the space 11008K,   8% used [0x6a540000, 0x6a62c6d0, 0x6a62c800, 0x6b000000)
 Metaspace       used 6380K, capacity 6550K, committed 6680K, reserved 7472K
}
Event: 4.659 GC heap before
{Heap before GC invocations=1 (full 0):
 def new generation   total 4864K, used 4864K [0x65800000, 0x65d40000, 0x6a540000)
  eden space 4352K, 100% used [0x65800000, 0x65c40000, 0x65c40000)
  from space 512K, 100% used [0x65cc0000, 0x65d40000, 0x65d40000)
  to   space 512K,   0% used [0x65c40000, 0x65c40000, 0x65cc0000)
 tenured generation   total 11008K, used 945K [0x6a540000, 0x6b000000, 0x74000000)
   the space 11008K,   8% used [0x6a540000, 0x6a62c6d0, 0x6a62c800, 0x6b000000)
 Metaspace       used 8246K, capacity 8451K, committed 8600K, reserved 9520K
Event: 4.714 GC heap after
Heap after GC invocations=2 (full 0):
 def new generation   total 4864K, used 512K [0x65800000, 0x65d40000, 0x6a540000)
  eden space 4352K,   0% used [0x65800000, 0x65800000, 0x65c40000)
  from space 512K, 100% used [0x65c40000, 0x65cc0000, 0x65cc0000)
  to   space 512K,   0% used [0x65cc0000, 0x65cc0000, 0x65d40000)
 tenured generation   total 11008K, used 1976K [0x6a540000, 0x6b000000, 0x74000000)
   the space 11008K,  17% used [0x6a540000, 0x6a72e220, 0x6a72e400, 0x6b000000)
 Metaspace       used 8246K, capacity 8451K, committed 8600K, reserved 9520K
}
Event: 16.053 GC heap before
{Heap before GC invocations=2 (full 0):
 def new generation   total 4864K, used 4864K [0x65800000, 0x65d40000, 0x6a540000)
  eden space 4352K, 100% used [0x65800000, 0x65c40000, 0x65c40000)
  from space 512K, 100% used [0x65c40000, 0x65cc0000, 0x65cc0000)
  to   space 512K,   0% used [0x65cc0000, 0x65cc0000, 0x65d40000)
 tenured generation   total 11008K, used 1976K [0x6a540000, 0x6b000000, 0x74000000)
   the space 11008K,  17% used [0x6a540000, 0x6a72e220, 0x6a72e400, 0x6b000000)
 Metaspace       used 8764K, capacity 8968K, committed 9112K, reserved 9520K
Event: 16.087 GC heap after
Heap after GC invocations=3 (full 0):
 def new generation   total 4864K, used 512K [0x65800000, 0x65d40000, 0x6a540000)
  eden space 4352K,   0% used [0x65800000, 0x65800000, 0x65c40000)
  from space 512K, 100% used [0x65cc0000, 0x65d40000, 0x65d40000)
  to   space 512K,   0% used [0x65c40000, 0x65c40000, 0x65cc0000)
 tenured generation   total 11008K, used 2769K [0x6a540000, 0x6b000000, 0x74000000)
   the space 11008K,  25% used [0x6a540000, 0x6a7f4718, 0x6a7f4800, 0x6b000000)
 Metaspace       used 8764K, capacity 8968K, committed 9112K, reserved 9520K
}
Event: 16.838 GC heap before
{Heap before GC invocations=3 (full 0):
 def new generation   total 4864K, used 4864K [0x65800000, 0x65d40000, 0x6a540000)
  eden space 4352K, 100% used [0x65800000, 0x65c40000, 0x65c40000)
  from space 512K, 100% used [0x65cc0000, 0x65d40000, 0x65d40000)
  to   space 512K,   0% used [0x65c40000, 0x65c40000, 0x65cc0000)
 tenured generation   total 11008K, used 2769K [0x6a540000, 0x6b000000, 0x74000000)
   the space 11008K,  25% used [0x6a540000, 0x6a7f4718, 0x6a7f4800, 0x6b000000)
 Metaspace       used 9488K, capacity 9683K, committed 9752K, reserved 10544K
Event: 16.871 GC heap after
Heap after GC invocations=4 (full 0):
 def new generation   total 4864K, used 512K [0x65800000, 0x65d40000, 0x6a540000)
  eden space 4352K,   0% used [0x65800000, 0x65800000, 0x65c40000)
  from space 512K, 100% used [0x65c40000, 0x65cc0000, 0x65cc0000)
  to   space 512K,   0% used [0x65cc0000, 0x65cc0000, 0x65d40000)
 tenured generation   total 11008K, used 3234K [0x6a540000, 0x6b000000, 0x74000000)
   the space 11008K,  29% used [0x6a540000, 0x6a868970, 0x6a868a00, 0x6b000000)
 Metaspace       used 9488K, capacity 9683K, committed 9752K, reserved 10544K
}
Event: 17.339 GC heap before
{Heap before GC invocations=4 (full 0):
 def new generation   total 4864K, used 4864K [0x65800000, 0x65d40000, 0x6a540000)
  eden space 4352K, 100% used [0x65800000, 0x65c40000, 0x65c40000)
  from space 512K, 100% used [0x65c40000, 0x65cc0000, 0x65cc0000)
  to   space 512K,   0% used [0x65cc0000, 0x65cc0000, 0x65d40000)
 tenured generation   total 11008K, used 3234K [0x6a540000, 0x6b000000, 0x74000000)
   the space 11008K,  29% used [0x6a540000, 0x6a868970, 0x6a868a00, 0x6b000000)
 Metaspace       used 9510K, capacity 9747K, committed 9880K, reserved 10544K
Event: 17.351 GC heap after
Heap after GC invocations=5 (full 0):
 def new generation   total 4864K, used 140K [0x65800000, 0x65d40000, 0x6a540000)
  eden space 4352K,   0% used [0x65800000, 0x65800000, 0x65c40000)
  from space 512K,  27% used [0x65cc0000, 0x65ce3168, 0x65d40000)
  to   space 512K,   0% used [0x65c40000, 0x65c40000, 0x65cc0000)
 tenured generation   total 11008K, used 3465K [0x6a540000, 0x6b000000, 0x74000000)
   the space 11008K,  31% used [0x6a540000, 0x6a8a2708, 0x6a8a2800, 0x6b000000)
 Metaspace       used 9510K, capacity 9747K, committed 9880K, reserved 10544K
}

