# JRE version: Java(TM) SE Runtime Environment (8.0_151-b12) (build 1.8.0_151-b12)
# Java VM: Java HotSpot(TM) Client VM (25.151-b12 mixed mode linux-arm )
Heap:
 def new generation   total 4864K, used 1926K [0x65800000, 0x65d40000, 0x6a540000)
  eden space 4352K,  42% used [0x65800000, 0x659ca180, 0x65c40000)
  from space 512K,  18% used [0x65cc0000, 0x65cd78d8, 0x65d40000)
  to   space 512K,   0% used [0x65c40000, 0x65c40000, 0x65cc0000)
 tenured generation   total 11008K, used 3245K [0x6a540000, 0x6b000000, 0x74000000)
   the space 11008K,  29% used [0x6a540000, 0x6a86b5d8, 0x6a86b600, 0x6b000000)
 Metaspace       used 9555K, capacity 9741K, committed 9880K, reserved 10544K
GC Heap History (10 events):
Event: 3.042 GC heap before
{Heap before GC invocations=0 (full 0):
 def new generation   total 4864K, used 4352K [0x65800000, 0x65d40000, 0x6a540000)
  eden space 4352K, 100% used [0x65800000, 0x65c40000, 0x65c40000)
  from space 512K,   0% used [0x65c40000, 0x65c40000, 0x65cc0000)
  to   space 512K,   0% used [0x65cc0000, 0x65cc0000, 0x65d40000)
 tenured generation   total 11008K, used 0K [0x6a540000, 0x6b000000, 0x74000000)
   the space 11008K,   0% used [0x6a540000, 0x6a540000, 0x6a540200, 0x6b000000)
 Metaspace       used 6446K, capacity 6649K, committed 6680K, reserved 7472K
Event: 3.091 GC heap after
Heap after GC invocations=1 (full 0):
 def new generation   total 4864K, used 512K [0x65800000, 0x65d40000, 0x6a540000)
  eden space 4352K,   0% used [0x65800000, 0x65800000, 0x65c40000)
  from space 512K, 100% used [0x65cc0000, 0x65d40000, 0x65d40000)
  to   space 512K,   0% used [0x65c40000, 0x65c40000, 0x65cc0000)
 tenured generation   total 11008K, used 937K [0x6a540000, 0x6b000000, 0x74000000)
   the space 11008K,   8% used [0x6a540000, 0x6a62a6c0, 0x6a62a800, 0x6b000000)
 Metaspace       used 6446K, capacity 6649K, committed 6680K, reserved 7472K
}
Event: 7.366 GC heap before
{Heap before GC invocations=1 (full 0):
 def new generation   total 4864K, used 4864K [0x65800000, 0x65d40000, 0x6a540000)
  eden space 4352K, 100% used [0x65800000, 0x65c40000, 0x65c40000)
  from space 512K, 100% used [0x65cc0000, 0x65d40000, 0x65d40000)
  to   space 512K,   0% used [0x65c40000, 0x65c40000, 0x65cc0000)
 tenured generation   total 11008K, used 937K [0x6a540000, 0x6b000000, 0x74000000)
   the space 11008K,   8% used [0x6a540000, 0x6a62a6c0, 0x6a62a800, 0x6b000000)
 Metaspace       used 8590K, capacity 8803K, committed 8856K, reserved 9520K
Event: 7.415 GC heap after
Heap after GC invocations=2 (full 0):
 def new generation   total 4864K, used 512K [0x65800000, 0x65d40000, 0x6a540000)
  eden space 4352K,   0% used [0x65800000, 0x65800000, 0x65c40000)
  from space 512K, 100% used [0x65c40000, 0x65cc0000, 0x65cc0000)
  to   space 512K,   0% used [0x65cc0000, 0x65cc0000, 0x65d40000)
 tenured generation   total 11008K, used 1968K [0x6a540000, 0x6b000000, 0x74000000)
   the space 11008K,  17% used [0x6a540000, 0x6a72c040, 0x6a72c200, 0x6b000000)
 Metaspace       used 8590K, capacity 8803K, committed 8856K, reserved 9520K
}
Event: 8.008 GC heap before
{Heap before GC invocations=2 (full 0):
 def new generation   total 4864K, used 4864K [0x65800000, 0x65d40000, 0x6a540000)
  eden space 4352K, 100% used [0x65800000, 0x65c40000, 0x65c40000)
  from space 512K, 100% used [0x65c40000, 0x65cc0000, 0x65cc0000)
  to   space 512K,   0% used [0x65cc0000, 0x65cc0000, 0x65d40000)
 tenured generation   total 11008K, used 1968K [0x6a540000, 0x6b000000, 0x74000000)
   the space 11008K,  17% used [0x6a540000, 0x6a72c040, 0x6a72c200, 0x6b000000)
 Metaspace       used 8900K, capacity 9096K, committed 9240K, reserved 9520K
Event: 8.042 GC heap after
Heap after GC invocations=3 (full 0):
 def new generation   total 4864K, used 512K [0x65800000, 0x65d40000, 0x6a540000)
  eden space 4352K,   0% used [0x65800000, 0x65800000, 0x65c40000)
  from space 512K, 100% used [0x65cc0000, 0x65d40000, 0x65d40000)
  to   space 512K,   0% used [0x65c40000, 0x65c40000, 0x65cc0000)
 tenured generation   total 11008K, used 2600K [0x6a540000, 0x6b000000, 0x74000000)
   the space 11008K,  23% used [0x6a540000, 0x6a7ca0d0, 0x6a7ca200, 0x6b000000)
 Metaspace       used 8900K, capacity 9096K, committed 9240K, reserved 9520K
}
Event: 8.902 GC heap before
{Heap before GC invocations=3 (full 0):
 def new generation   total 4864K, used 4861K [0x65800000, 0x65d40000, 0x6a540000)
  eden space 4352K,  99% used [0x65800000, 0x65c3f778, 0x65c40000)
  from space 512K, 100% used [0x65cc0000, 0x65d40000, 0x65d40000)
  to   space 512K,   0% used [0x65c40000, 0x65c40000, 0x65cc0000)
 tenured generation   total 11008K, used 2600K [0x6a540000, 0x6b000000, 0x74000000)
   the space 11008K,  23% used [0x6a540000, 0x6a7ca0d0, 0x6a7ca200, 0x6b000000)
 Metaspace       used 9520K, capacity 9709K, committed 9880K, reserved 10544K
Event: 8.924 GC heap after
Heap after GC invocations=4 (full 0):
 def new generation   total 4864K, used 512K [0x65800000, 0x65d40000, 0x6a540000)
  eden space 4352K,   0% used [0x65800000, 0x65800000, 0x65c40000)
  from space 512K, 100% used [0x65c40000, 0x65cc0000, 0x65cc0000)
  to   space 512K,   0% used [0x65cc0000, 0x65cc0000, 0x65d40000)
 tenured generation   total 11008K, used 2943K [0x6a540000, 0x6b000000, 0x74000000)
   the space 11008K,  26% used [0x6a540000, 0x6a81fd08, 0x6a81fe00, 0x6b000000)
 Metaspace       used 9520K, capacity 9709K, committed 9880K, reserved 10544K
}
Event: 9.073 GC heap before
{Heap before GC invocations=4 (full 0):
 def new generation   total 4864K, used 4858K [0x65800000, 0x65d40000, 0x6a540000)
  eden space 4352K,  99% used [0x65800000, 0x65c3eb10, 0x65c40000)
  from space 512K, 100% used [0x65c40000, 0x65cc0000, 0x65cc0000)
  to   space 512K,   0% used [0x65cc0000, 0x65cc0000, 0x65d40000)
 tenured generation   total 11008K, used 2943K [0x6a540000, 0x6b000000, 0x74000000)
   the space 11008K,  26% used [0x6a540000, 0x6a81fd08, 0x6a81fe00, 0x6b000000)
 Metaspace       used 9520K, capacity 9709K, committed 9880K, reserved 10544K
Event: 9.085 GC heap after
Heap after GC invocations=5 (full 0):
 def new generation   total 4864K, used 94K [0x65800000, 0x65d40000, 0x6a540000)
  eden space 4352K,   0% used [0x65800000, 0x65800000, 0x65c40000)
  from space 512K,  18% used [0x65cc0000, 0x65cd78d8, 0x65d40000)
  to   space 512K,   0% used [0x65c40000, 0x65c40000, 0x65cc0000)
 tenured generation   total 11008K, used 3245K [0x6a540000, 0x6b000000, 0x74000000)
   the space 11008K,  29% used [0x6a540000, 0x6a86b5d8, 0x6a86b600, 0x6b000000)
 Metaspace       used 9520K, capacity 9709K, committed 9880K, reserved 10544K
}

